<?xml version="1.0" encoding="utf-8"?><testsuites name="pytest tests"><testsuite name="pytest" errors="0" failures="0" skipped="0" tests="1" time="2.567" timestamp="2025-07-21T10:01:21.116904+00:00" hostname="9677585e644b"><testcase classname="test_playwright.TestMealTracker" name="test_full_e2e_workflow[chromium]" time="2.506" /></testsuite></testsuites>