<?xml version="1.0" encoding="utf-8"?><testsuites name="pytest tests"><testsuite name="pytest" errors="0" failures="0" skipped="0" tests="1" time="3.355" timestamp="2025-07-22T10:10:24.666382+00:00" hostname="68035ffd8594"><testcase classname="test_playwright.TestMealTracker" name="test_full_e2e_workflow[chromium]" time="3.296" /></testsuite></testsuites>